{"uuid":"5e1f813e-103c-47fc-b819-84227885d7ba","historyId":"7b70a32491e9f7aa82d6345495d59cf","testCaseId":"[engine:junit-jupiter]/[class:org.velihangozek.automation.tests.EtsyTest]","testCaseName":"EtsyTest","fullName":"org.velihangozek.automation.tests.EtsyTest","labels":[{"name":"junit.platform.uniqueid","value":"[engine:junit-jupiter]/[class:org.velihangozek.automation.tests.EtsyTest]"},{"name":"host","value":"Velo"},{"name":"thread","value":"31072@Velo.main(1)"},{"name":"framework","value":"junit-platform"},{"name":"language","value":"java"},{"name":"package","value":"org.velihangozek.automation.tests.EtsyTest"},{"name":"testClass","value":"org.velihangozek.automation.tests.EtsyTest"},{"name":"suite","value":"org.velihangozek.automation.tests.EtsyTest"},{"name":"AS_ID","value":"-1"}],"links":[],"name":"EtsyTest","status":"broken","statusDetails":{"known":false,"muted":false,"flaky":false,"message":"Could not start a new session. Possible causes are invalid address of the remote server or browser start-up failure. \nHost info: host: 'VELO', ip: '192.168.1.139'\nBuild info: version: '4.27.0', revision: 'd6e718d134'\nSystem info: os.name: 'Windows 11', os.arch: 'amd64', os.version: '10.0', java.version: '11.0.16'\nDriver info: org.openqa.selenium.chrome.ChromeDriver\nCommand: [null, newSession {capabilities=[Capabilities {browserName: chrome, goog:chromeOptions: {args: [], extensions: []}}]}]","trace":"org.openqa.selenium.SessionNotCreatedException: Could not start a new session. Possible causes are invalid address of the remote server or browser start-up failure. \nHost info: host: 'VELO', ip: '192.168.1.139'\nBuild info: version: '4.27.0', revision: 'd6e718d134'\nSystem info: os.name: 'Windows 11', os.arch: 'amd64', os.version: '10.0', java.version: '11.0.16'\nDriver info: org.openqa.selenium.chrome.ChromeDriver\nCommand: [null, newSession {capabilities=[Capabilities {browserName: chrome, goog:chromeOptions: {args: [], extensions: []}}]}]\r\n\tat org.openqa.selenium.remote.RemoteWebDriver.execute(RemoteWebDriver.java:563)\r\n\tat org.openqa.selenium.remote.RemoteWebDriver.startSession(RemoteWebDriver.java:245)\r\n\tat org.openqa.selenium.remote.RemoteWebDriver.<init>(RemoteWebDriver.java:174)\r\n\tat org.openqa.selenium.chromium.ChromiumDriver.<init>(ChromiumDriver.java:114)\r\n\tat org.openqa.selenium.chrome.ChromeDriver.<init>(ChromeDriver.java:88)\r\n\tat org.openqa.selenium.chrome.ChromeDriver.<init>(ChromeDriver.java:83)\r\n\tat org.openqa.selenium.chrome.ChromeDriver.<init>(ChromeDriver.java:51)\r\n\tat org.velihangozek.automation.utils.DriverManager.getDriver(DriverManager.java:17)\r\n\tat org.velihangozek.automation.tests.EtsyTest.setup(EtsyTest.java:16)\r\n\tat java.base/java.lang.reflect.Method.invoke(Method.java:566)\r\n\tat java.base/java.util.ArrayList.forEach(ArrayList.java:1541)\r\nCaused by: java.io.UncheckedIOException: java.io.IOException: Cannot run program \"C:\\Users\\velih\\OneDrive\\Masa端st端\\chromedriver-win64\\chromedriver-win64\": CreateProcess error=5, Access is denied\r\n\tat org.openqa.selenium.os.ExternalProcess$Builder.start(ExternalProcess.java:194)\r\n\tat org.openqa.selenium.remote.service.DriverService.start(DriverService.java:207)\r\n\tat org.openqa.selenium.remote.service.DriverCommandExecutor.execute(DriverCommandExecutor.java:117)\r\n\tat org.openqa.selenium.remote.RemoteWebDriver.execute(RemoteWebDriver.java:545)\r\n\t... 10 more\r\nCaused by: java.io.IOException: Cannot run program \"C:\\Users\\velih\\OneDrive\\Masa端st端\\chromedriver-win64\\chromedriver-win64\": CreateProcess error=5, Access is denied\r\n\tat java.base/java.lang.ProcessBuilder.start(ProcessBuilder.java:1128)\r\n\tat java.base/java.lang.ProcessBuilder.start(ProcessBuilder.java:1071)\r\n\tat org.openqa.selenium.os.ExternalProcess$Builder.start(ExternalProcess.java:192)\r\n\t... 13 more\r\nCaused by: java.io.IOException: CreateProcess error=5, Access is denied\r\n\tat java.base/java.lang.ProcessImpl.create(Native Method)\r\n\tat java.base/java.lang.ProcessImpl.<init>(ProcessImpl.java:487)\r\n\tat java.base/java.lang.ProcessImpl.start(ProcessImpl.java:154)\r\n\tat java.base/java.lang.ProcessBuilder.start(ProcessBuilder.java:1107)\r\n\t... 15 more\r\n"},"stage":"finished","description":"","steps":[],"attachments":[],"parameters":[],"start":1734096555361,"stop":1734096555362}